<?xml version="1.0" encoding="UTF-8"?>
<testsuite xmlns:xsi="http://www.w3.org/2001/XMLSchema-instance" xsi:noNamespaceSchemaLocation="https://maven.apache.org/surefire/maven-surefire-plugin/xsd/surefire-test-report-3.0.xsd" version="3.0" name="com.Institutes.institutesmanagement.InstitutesmanagementApplicationTests" time="87.646" tests="1" errors="0" skipped="0" failures="0">
  <properties>
[...]
</properties>
  <testcase name="contextLoads" classname="com.Institutes.institutesmanagement.InstitutesmanagementApplicationTests" time="25.068">
    <system-out><![CDATA[11:04:51.575 [main] INFO org.springframework.test.context.support.AnnotationConfigContextLoaderUtils -- Could not detect default configuration classes for test class [com.Institutes.institutesmanagement.InstitutesmanagementApplicationTests]: InstitutesmanagementApplicationTests does not declare any static, non-private, non-final, nested classes annotated with @Configuration.
11:04:53.042 [main] INFO org.springframework.boot.test.context.SpringBootTestContextBootstrapper -- Found @SpringBootConfiguration com.Institutes.institutesmanagement.InstitutesmanagementApplication for test class com.Institutes.institutesmanagement.InstitutesmanagementApplicationTests

  .   ____          _            __ _ _
 /\\ / ___'_ __ _ _(_)_ __  __ _ \ \ \ \
( ( )\___ | '_ | '_| | '_ \/ _` | \ \ \ \
 \\/  ___)| |_)| | | | | || (_| |  ) ) ) )
  '  |____| .__|_| |_|_| |_\__, | / / / /
 =========|_|==============|___/=/_/_/_/
 :: Spring Boot ::                (v3.2.1)

2024-01-06T11:04:58.899+05:30  INFO 14620 --- [           main] I.i.InstitutesmanagementApplicationTests : Starting InstitutesmanagementApplicationTests using Java 17.0.5 with PID 14620 (started by Shantu in C:\Users\Shantu\Downloads\institutesmanagement)
2024-01-06T11:04:58.903+05:30  INFO 14620 --- [           main] I.i.InstitutesmanagementApplicationTests : No active profile set, falling back to 1 default profile: "default"
2024-01-06T11:05:09.367+05:30  INFO 14620 --- [           main] .s.d.r.c.RepositoryConfigurationDelegate : Bootstrapping Spring Data JPA repositories in DEFAULT mode.
2024-01-06T11:05:09.845+05:30  INFO 14620 --- [           main] .s.d.r.c.RepositoryConfigurationDelegate : Finished Spring Data repository scanning in 352 ms. Found 1 JPA repository interface.
2024-01-06T11:05:15.389+05:30  INFO 14620 --- [           main] o.hibernate.jpa.internal.util.LogHelper  : HHH000204: Processing PersistenceUnitInfo [name: default]
2024-01-06T11:05:18.723+05:30  INFO 14620 --- [           main] org.hibernate.Version                    : HHH000412: Hibernate ORM core version 6.4.1.Final
2024-01-06T11:05:19.762+05:30  INFO 14620 --- [           main] o.h.c.internal.RegionFactoryInitiator    : HHH000026: Second-level cache disabled
2024-01-06T11:05:24.312+05:30  INFO 14620 --- [           main] o.s.o.j.p.SpringPersistenceUnitInfo      : No LoadTimeWeaver setup: ignoring JPA class transformer
2024-01-06T11:05:24.793+05:30  INFO 14620 --- [           main] com.zaxxer.hikari.HikariDataSource       : HikariPool-1 - Starting...
2024-01-06T11:05:27.776+05:30  INFO 14620 --- [           main] com.zaxxer.hikari.pool.HikariPool        : HikariPool-1 - Added connection com.mysql.cj.jdbc.ConnectionImpl@38c10190
2024-01-06T11:05:27.781+05:30  INFO 14620 --- [           main] com.zaxxer.hikari.HikariDataSource       : HikariPool-1 - Start completed.
2024-01-06T11:05:31.653+05:30  WARN 14620 --- [           main] org.hibernate.orm.deprecation            : HHH90000025: MySQLDialect does not need to be specified explicitly using 'hibernate.dialect' (remove the property setting and it will be selected by default)
2024-01-06T11:05:37.882+05:30  INFO 14620 --- [           main] o.h.m.i.EntityInstantiatorPojoStandard   : HHH000182: No default (no-argument) constructor for class: com.Institutes.institutesmanagement.Entity.Institute (class must be instantiated by Interceptor)
2024-01-06T11:05:39.371+05:30  INFO 14620 --- [           main] o.h.e.t.j.p.i.JtaPlatformInitiator       : HHH000489: No JTA platform available (set 'hibernate.transaction.jta.platform' to enable JTA platform integration)
Hibernate: create table institutes (id bigint not null auto_increment, contact varchar(255), courses varchar(255), location varchar(255), name varchar(255) not null, primary key (id)) engine=InnoDB
2024-01-06T11:05:45.126+05:30  INFO 14620 --- [           main] j.LocalContainerEntityManagerFactoryBean : Initialized JPA EntityManagerFactory for persistence unit 'default'
2024-01-06T11:05:46.051+05:30  WARN 14620 --- [           main] JpaBaseConfiguration$JpaWebConfiguration : spring.jpa.open-in-view is enabled by default. Therefore, database queries may be performed during view rendering. Explicitly configure spring.jpa.open-in-view to disable this warning
2024-01-06T11:05:51.427+05:30  INFO 14620 --- [           main] I.i.InstitutesmanagementApplicationTests : Started InstitutesmanagementApplicationTests in 55.752 seconds (process running for 67.251)
]]></system-out>
  </testcase>
</testsuite>